<?xml version="1.0" encoding="UTF-8"?>
<!-- Generated by org.testng.reporters.JUnitReportReporter -->
<testsuite hostname="DESKTOP-16N5B52" failures="0" tests="2" name="veriousconcept_TestNG.TestNg" time="12.809" errors="0" timestamp="20 Nov 2021 16:05:12 GMT" skipped="0">
  <testcase classname="veriousconcept_TestNG.TestNg" name="testlogingPage" time="5.559"/>
  <testcase classname="veriousconcept_TestNG.TestNg" name="addcustomer" time="7.250"/>
</testsuite> <!-- veriousconcept_TestNG.TestNg -->
